[debug] [2021-05-30T15:43:51.506Z] ----------------------------------------------------------------------
[debug] [2021-05-30T15:43:51.508Z] Command:       C:\Program Files\nodejs\node.exe C:\Users\FAHIM\AppData\Roaming\npm\node_modules\firebase-tools\lib\bin\firebase.js init
[debug] [2021-05-30T15:43:51.508Z] CLI Version:   9.12.0
[debug] [2021-05-30T15:43:51.508Z] Platform:      win32
[debug] [2021-05-30T15:43:51.508Z] Node Version:  v14.17.0
[debug] [2021-05-30T15:43:51.509Z] Time:          Sun May 30 2021 21:43:51 GMT+0600 (Omsk Standard Time)
[debug] [2021-05-30T15:43:51.509Z] ----------------------------------------------------------------------
[debug] 
[debug] [2021-05-30T15:43:51.515Z] > command requires scopes: ["email","openid","https://www.googleapis.com/auth/cloudplatformprojects.readonly","https://www.googleapis.com/auth/firebase","https://www.googleapis.com/auth/cloud-platform"]
[debug] [2021-05-30T15:43:51.515Z] > authorizing via signed-in user (tanvirhossainfahim89@gmail.com)
[info] 
     ######## #### ########  ######## ########     ###     ######  ########
     ##        ##  ##     ## ##       ##     ##  ##   ##  ##       ##
     ######    ##  ########  ######   ########  #########  ######  ######
     ##        ##  ##    ##  ##       ##     ## ##     ##       ## ##
     ##       #### ##     ## ######## ########  ##     ##  ######  ########

You're about to initialize a Firebase project in this directory:

  G:\youtube-clone-tutorial-up-main

Before we get started, keep in mind:

  * You are initializing in an existing Firebase project directory

[info] 
=== Project Setup
[info] 
[info] First, let's associate this project directory with a Firebase project.
[info] You can create multiple project aliases by running firebase use --add, 
[info] but for now we'll just set up a default project.
[info] 
[info] i  .firebaserc already has a default project, using not-yt. 
[debug] [2021-05-30T15:43:57.140Z] >>> [apiv2][query] GET https://firebase.googleapis.com/v1beta1/projects/not-yt [none]
[debug] [2021-05-30T15:43:57.682Z] <<< [apiv2][status] GET https://firebase.googleapis.com/v1beta1/projects/not-yt 403
[debug] [2021-05-30T15:43:57.683Z] <<< [apiv2][body] GET https://firebase.googleapis.com/v1beta1/projects/not-yt {"error":{"code":403,"message":"The caller does not have permission","status":"PERMISSION_DENIED"}}
[debug] [2021-05-30T15:43:57.683Z] HTTP Error: 403, The caller does not have permission
[debug] [2021-05-30T15:43:57.889Z] FirebaseError: HTTP Error: 403, The caller does not have permission
    at module.exports (C:\Users\FAHIM\AppData\Roaming\npm\node_modules\firebase-tools\lib\responseToError.js:38:12)
    at Client.doRequest (C:\Users\FAHIM\AppData\Roaming\npm\node_modules\firebase-tools\lib\apiv2.js:238:23)
    at processTicksAndRejections (internal/process/task_queues.js:95:5)
    at async Client.request (C:\Users\FAHIM\AppData\Roaming\npm\node_modules\firebase-tools\lib\apiv2.js:96:20)
    at async Object.getFirebaseProject (C:\Users\FAHIM\AppData\Roaming\npm\node_modules\firebase-tools\lib\management\projects.js:290:21)
    at async Object.doSetup [as project] (C:\Users\FAHIM\AppData\Roaming\npm\node_modules\firebase-tools\lib\init\features\project.js:77:27)
    at async init (C:\Users\FAHIM\AppData\Roaming\npm\node_modules\firebase-tools\lib\init\index.js:19:9)
[error] 
[error] Error: Failed to get Firebase project not-yt. Please make sure the project exists and your account has permission to access it.
[debug] [2021-05-30T15:44:22.868Z] ----------------------------------------------------------------------
[debug] [2021-05-30T15:44:22.870Z] Command:       C:\Program Files\nodejs\node.exe C:\Users\FAHIM\AppData\Roaming\npm\node_modules\firebase-tools\lib\bin\firebase.js deploy
[debug] [2021-05-30T15:44:22.870Z] CLI Version:   9.12.0
[debug] [2021-05-30T15:44:22.870Z] Platform:      win32
[debug] [2021-05-30T15:44:22.870Z] Node Version:  v14.17.0
[debug] [2021-05-30T15:44:22.871Z] Time:          Sun May 30 2021 21:44:22 GMT+0600 (Omsk Standard Time)
[debug] [2021-05-30T15:44:22.871Z] ----------------------------------------------------------------------
[debug] 
[debug] [2021-05-30T15:44:22.878Z] > command requires scopes: ["email","openid","https://www.googleapis.com/auth/cloudplatformprojects.readonly","https://www.googleapis.com/auth/firebase","https://www.googleapis.com/auth/cloud-platform"]
[debug] [2021-05-30T15:44:22.878Z] > authorizing via signed-in user (tanvirhossainfahim89@gmail.com)
[debug] [2021-05-30T15:44:22.878Z] [iam] checking project not-yt for permissions ["firebase.projects.get","firebasehosting.sites.update"]
[debug] [2021-05-30T15:44:22.880Z] > refreshing access token with scopes: ["email","https://www.googleapis.com/auth/cloud-platform","https://www.googleapis.com/auth/cloudplatformprojects.readonly","https://www.googleapis.com/auth/firebase","openid"]
[debug] [2021-05-30T15:44:22.880Z] >>> HTTP REQUEST POST https://www.googleapis.com/oauth2/v3/token  
 <request body omitted>
[debug] [2021-05-30T15:44:23.130Z] <<< HTTP RESPONSE 200 {"cache-control":"no-cache, no-store, max-age=0, must-revalidate","date":"Sun, 30 May 2021 15:44:23 GMT","expires":"Mon, 01 Jan 1990 00:00:00 GMT","pragma":"no-cache","content-type":"application/json; charset=utf-8","vary":"X-Origin, Referer, Origin,Accept-Encoding","server":"scaffolding on HTTPServer2","x-xss-protection":"0","x-frame-options":"SAMEORIGIN","x-content-type-options":"nosniff","alt-svc":"h3-29=\":443\"; ma=2592000,h3-T051=\":443\"; ma=2592000,h3-Q050=\":443\"; ma=2592000,h3-Q046=\":443\"; ma=2592000,h3-Q043=\":443\"; ma=2592000,quic=\":443\"; ma=2592000; v=\"46,43\"","accept-ranges":"none","transfer-encoding":"chunked"}
[debug] [2021-05-30T15:44:23.220Z] >>> HTTP REQUEST POST https://cloudresourcemanager.googleapis.com/v1/projects/not-yt:testIamPermissions  
 {"permissions":["firebase.projects.get","firebasehosting.sites.update"]}
[debug] [2021-05-30T15:44:24.688Z] <<< HTTP RESPONSE 200 {"content-type":"application/json; charset=UTF-8","vary":"X-Origin, Referer, Origin,Accept-Encoding","date":"Sun, 30 May 2021 15:44:25 GMT","server":"ESF","cache-control":"private","x-xss-protection":"0","x-frame-options":"SAMEORIGIN","x-content-type-options":"nosniff","server-timing":"gfet4t7; dur=1159","alt-svc":"h3-29=\":443\"; ma=2592000,h3-T051=\":443\"; ma=2592000,h3-Q050=\":443\"; ma=2592000,h3-Q046=\":443\"; ma=2592000,h3-Q043=\":443\"; ma=2592000,quic=\":443\"; ma=2592000; v=\"46,43\"","accept-ranges":"none","transfer-encoding":"chunked"}
[debug] [2021-05-30T15:44:24.690Z] [iam] error while checking permissions, command may fail: FirebaseError: Authorization failed. This account is missing the following required permissions on project not-yt:

  firebase.projects.get
  firebasehosting.sites.update
[debug] [2021-05-30T15:44:24.694Z] > refreshing access token with scopes: []
[debug] [2021-05-30T15:44:24.694Z] >>> HTTP REQUEST POST https://www.googleapis.com/oauth2/v3/token  
 <request body omitted>
[debug] [2021-05-30T15:44:24.881Z] <<< HTTP RESPONSE 200 {"expires":"Mon, 01 Jan 1990 00:00:00 GMT","cache-control":"no-cache, no-store, max-age=0, must-revalidate","pragma":"no-cache","date":"Sun, 30 May 2021 15:44:25 GMT","content-type":"application/json; charset=utf-8","vary":"X-Origin, Referer, Origin,Accept-Encoding","server":"scaffolding on HTTPServer2","x-xss-protection":"0","x-frame-options":"SAMEORIGIN","x-content-type-options":"nosniff","alt-svc":"h3-29=\":443\"; ma=2592000,h3-T051=\":443\"; ma=2592000,h3-Q050=\":443\"; ma=2592000,h3-Q046=\":443\"; ma=2592000,h3-Q043=\":443\"; ma=2592000,quic=\":443\"; ma=2592000; v=\"46,43\"","accept-ranges":"none","transfer-encoding":"chunked"}
[debug] [2021-05-30T15:44:24.967Z] >>> [apiv2][query] GET https://firebase.googleapis.com/v1beta1/projects/not-yt [none]
[debug] [2021-05-30T15:44:25.480Z] <<< [apiv2][status] GET https://firebase.googleapis.com/v1beta1/projects/not-yt 403
[debug] [2021-05-30T15:44:25.481Z] <<< [apiv2][body] GET https://firebase.googleapis.com/v1beta1/projects/not-yt {"error":{"code":403,"message":"The caller does not have permission","status":"PERMISSION_DENIED"}}
[debug] [2021-05-30T15:44:25.481Z] HTTP Error: 403, The caller does not have permission
[debug] [2021-05-30T15:44:25.670Z] FirebaseError: HTTP Error: 403, The caller does not have permission
    at module.exports (C:\Users\FAHIM\AppData\Roaming\npm\node_modules\firebase-tools\lib\responseToError.js:38:12)
    at Client.doRequest (C:\Users\FAHIM\AppData\Roaming\npm\node_modules\firebase-tools\lib\apiv2.js:238:23)
    at processTicksAndRejections (internal/process/task_queues.js:95:5)
    at async Client.request (C:\Users\FAHIM\AppData\Roaming\npm\node_modules\firebase-tools\lib\apiv2.js:96:20)
    at async Object.getFirebaseProject (C:\Users\FAHIM\AppData\Roaming\npm\node_modules\firebase-tools\lib\management\projects.js:290:21)
    at async Object.getDefaultHostingSite (C:\Users\FAHIM\AppData\Roaming\npm\node_modules\firebase-tools\lib\getDefaultHostingSite.js:8:21)
    at async requireHostingSite (C:\Users\FAHIM\AppData\Roaming\npm\node_modules\firebase-tools\lib\requireHostingSite.js:9:18)
    at async Object.fn (C:\Users\FAHIM\AppData\Roaming\npm\node_modules\firebase-tools\lib\commands\deploy.js:66:9)
    at async C:\Users\FAHIM\AppData\Roaming\npm\node_modules\firebase-tools\lib\command.js:169:17
[error] 
[error] Error: Failed to get Firebase project not-yt. Please make sure the project exists and your account has permission to access it.
